RUN	simulation.YamlSimulation	yamlsimulation	1691879889451	 	3.8.4
USER	Test GET	START	1691879891094
USER	Test GET	START	1691879891094
USER	Test GET	START	1691879891190
USER	Test GET	START	1691879891290
USER	Test GET	START	1691879891392
REQUEST		sample get req	1691879891089	1691879891400	OK	 
REQUEST		sample get req	1691879891009	1691879891392	OK	 
USER	Test GET	END	1691879891403
USER	Test GET	END	1691879891403
REQUEST		sample get req	1691879891189	1691879891483	KO	status.find.in([200, 209], 304), found 429
USER	Test GET	END	1691879891495
USER	Test GET	START	1691879891496
REQUEST		sample get req	1691879891289	1691879891532	KO	status.find.in([200, 209], 304), found 429
USER	Test GET	END	1691879891533
USER	Test GET	START	1691879891597
REQUEST		sample get req	1691879891392	1691879891642	KO	status.find.in([200, 209], 304), found 429
USER	Test GET	END	1691879891648
USER	Test GET	START	1691879891697
REQUEST		sample get req	1691879891495	1691879891729	KO	status.find.in([200, 209], 304), found 429
USER	Test GET	END	1691879891731
USER	Test GET	START	1691879891800
USER	Test GET	START	1691879891902
REQUEST		sample get req	1691879891595	1691879891902	KO	status.find.in([200, 209], 304), found 429
USER	Test GET	END	1691879891903
REQUEST		sample get req	1691879891692	1691879891989	KO	status.find.in([200, 209], 304), found 429
USER	Test GET	END	1691879891991
USER	Test GET	START	1691879891992
REQUEST		sample get req	1691879891791	1691879892055	KO	status.find.in([200, 209], 304), found 429
USER	Test GET	END	1691879892056
USER	Test GET	START	1691879892104
REQUEST		sample get req	1691879891899	1691879892157	KO	status.find.in([200, 209], 304), found 429
USER	Test GET	END	1691879892158
USER	Test GET	START	1691879892196
REQUEST		sample get req	1691879891992	1691879892263	KO	status.find.in([200, 209], 304), found 429
USER	Test GET	END	1691879892268
USER	Test GET	START	1691879892292
REQUEST		sample get req	1691879892098	1691879892345	KO	status.find.in([200, 209], 304), found 429
USER	Test GET	END	1691879892347
USER	Test GET	START	1691879892396
REQUEST		sample get req	1691879892192	1691879892457	KO	status.find.in([200, 209], 304), found 429
USER	Test GET	END	1691879892458
USER	Test GET	START	1691879892499
REQUEST		sample get req	1691879892291	1691879892547	KO	status.find.in([200, 209], 304), found 429
USER	Test GET	END	1691879892548
USER	Test GET	START	1691879892597
REQUEST		sample get req	1691879892393	1691879892626	KO	status.find.in([200, 209], 304), found 429
USER	Test GET	END	1691879892629
USER	Test GET	START	1691879892702
REQUEST		sample get req	1691879892497	1691879892774	KO	status.find.in([200, 209], 304), found 429
USER	Test GET	END	1691879892774
USER	Test GET	START	1691879892793
REQUEST		sample get req	1691879892596	1691879892876	KO	status.find.in([200, 209], 304), found 429
USER	Test GET	END	1691879892877
USER	Test GET	START	1691879892893
REQUEST		sample get req	1691879892701	1691879892920	KO	status.find.in([200, 209], 304), found 429
USER	Test GET	END	1691879892921
USER	Test GET	START	1691879892996
USER	Test GET	START	1691879893089
REQUEST		sample get req	1691879892893	1691879893189	KO	status.find.in([200, 209], 304), found 429
USER	Test GET	END	1691879893192
USER	Test GET	START	1691879893192
REQUEST		sample get req	1691879892994	1691879893271	KO	status.find.in([200, 209], 304), found 429
USER	Test GET	END	1691879893273
USER	Test GET	START	1691879893288
USER	Test GET	START	1691879893398
REQUEST		sample get req	1691879893088	1691879893414	KO	status.find.in([200, 209], 304), found 429
USER	Test GET	END	1691879893415
REQUEST		sample get req	1691879893190	1691879893432	KO	status.find.in([200, 209], 304), found 429
USER	Test GET	END	1691879893440
REQUEST		sample get req	1691879892792	1691879893489	KO	status.find.in([200, 209], 304), found 429
USER	Test GET	START	1691879893491
USER	Test GET	END	1691879893491
REQUEST		sample get req	1691879893288	1691879893534	KO	status.find.in([200, 209], 304), found 429
USER	Test GET	END	1691879893537
USER	Test GET	START	1691879893590
REQUEST		sample get req	1691879893391	1691879893639	KO	status.find.in([200, 209], 304), found 429
USER	Test GET	END	1691879893643
USER	Test GET	START	1691879893689
REQUEST		sample get req	1691879893490	1691879893748	KO	status.find.in([200, 209], 304), found 429
USER	Test GET	END	1691879893749
USER	Test GET	START	1691879893790
REQUEST		sample get req	1691879893589	1691879893823	KO	status.find.in([200, 209], 304), found 429
USER	Test GET	END	1691879893824
USER	Test GET	START	1691879893890
REQUEST		sample get req	1691879893688	1691879893947	KO	status.find.in([200, 209], 304), found 429
USER	Test GET	END	1691879893948
USER	Test GET	START	1691879893990
REQUEST		sample get req	1691879893789	1691879894017	KO	status.find.in([200, 209], 304), found 429
USER	Test GET	END	1691879894018
USER	Test GET	START	1691879894090
REQUEST		sample get req	1691879893889	1691879894140	KO	status.find.in([200, 209], 304), found 429
USER	Test GET	END	1691879894141
USER	Test GET	START	1691879894189
REQUEST		sample get req	1691879893989	1691879894258	KO	status.find.in([200, 209], 304), found 429
USER	Test GET	END	1691879894259
USER	Test GET	START	1691879894288
USER	Test GET	START	1691879894389
REQUEST		sample get req	1691879894088	1691879894414	KO	status.find.in([200, 209], 304), found 429
USER	Test GET	END	1691879894414
REQUEST		sample get req	1691879894188	1691879894422	KO	status.find.in([200, 209], 304), found 429
USER	Test GET	END	1691879894423
USER	Test GET	START	1691879894489
REQUEST		sample get req	1691879894288	1691879894529	KO	status.find.in([200, 209], 304), found 429
USER	Test GET	END	1691879894529
USER	Test GET	START	1691879894589
REQUEST		sample get req	1691879894388	1691879894615	KO	status.find.in([200, 209], 304), found 429
USER	Test GET	END	1691879894616
USER	Test GET	START	1691879894689
REQUEST		sample get req	1691879894489	1691879894748	KO	status.find.in([200, 209], 304), found 429
USER	Test GET	END	1691879894748
USER	Test GET	START	1691879894789
REQUEST		sample get req	1691879894589	1691879894862	KO	status.find.in([200, 209], 304), found 429
USER	Test GET	END	1691879894863
USER	Test GET	START	1691879894890
REQUEST		sample get req	1691879894689	1691879894922	KO	status.find.in([200, 209], 304), found 429
USER	Test GET	END	1691879894922
USER	Test GET	START	1691879894990
REQUEST		sample get req	1691879894789	1691879895032	KO	status.find.in([200, 209], 304), found 429
USER	Test GET	END	1691879895033
USER	Test GET	START	1691879895088
REQUEST		sample get req	1691879894890	1691879895154	KO	status.find.in([200, 209], 304), found 429
USER	Test GET	END	1691879895155
USER	Test GET	START	1691879895189
REQUEST		sample get req	1691879894989	1691879895251	KO	status.find.in([200, 209], 304), found 429
USER	Test GET	END	1691879895252
USER	Test GET	START	1691879895290
REQUEST		sample get req	1691879895087	1691879895346	KO	status.find.in([200, 209], 304), found 429
USER	Test GET	END	1691879895348
USER	Test GET	START	1691879895390
REQUEST		sample get req	1691879895188	1691879895424	KO	status.find.in([200, 209], 304), found 429
USER	Test GET	END	1691879895425
USER	Test GET	START	1691879895489
REQUEST		sample get req	1691879895288	1691879895548	KO	status.find.in([200, 209], 304), found 429
USER	Test GET	END	1691879895549
USER	Test GET	START	1691879895589
REQUEST		sample get req	1691879895388	1691879895621	KO	status.find.in([200, 209], 304), found 429
USER	Test GET	END	1691879895621
USER	Test GET	START	1691879895693
USER	Test GET	START	1691879895791
REQUEST		sample get req	1691879895488	1691879895797	KO	status.find.in([200, 209], 304), found 429
USER	Test GET	END	1691879895799
REQUEST		sample get req	1691879895588	1691879895850	KO	status.find.in([200, 209], 304), found 429
USER	Test GET	END	1691879895856
USER	Test GET	START	1691879895893
REQUEST		sample get req	1691879895692	1691879895949	KO	status.find.in([200, 209], 304), found 429
USER	Test GET	END	1691879895957
USER	Test GET	START	1691879895990
USER	Test GET	START	1691879895990
USER	Test GET	START	1691879895992
USER	Test GET	START	1691879895992
USER	Test GET	START	1691879895992
USER	Test GET	START	1691879895992
USER	Test GET	START	1691879895992
USER	Test GET	START	1691879895992
USER	Test GET	START	1691879895992
USER	Test GET	START	1691879895993
REQUEST		sample get req	1691879895790	1691879896044	KO	status.find.in([200, 209], 304), found 429
USER	Test GET	END	1691879896044
REQUEST		sample get req	1691879895891	1691879896157	KO	status.find.in([200, 209], 304), found 429
USER	Test GET	END	1691879896163
REQUEST		sample get req	1691879895991	1691879896290	KO	status.find.in([200, 209], 304), found 429
USER	Test GET	END	1691879896292
REQUEST		sample get req	1691879895992	1691879896296	KO	status.find.in([200, 209], 304), found 429
USER	Test GET	END	1691879896296
REQUEST		sample get req	1691879895989	1691879896331	KO	status.find.in([200, 209], 304), found 429
USER	Test GET	END	1691879896332
REQUEST		sample get req	1691879895992	1691879896338	KO	status.find.in([200, 209], 304), found 429
USER	Test GET	END	1691879896338
REQUEST		sample get req	1691879895992	1691879896349	KO	status.find.in([200, 209], 304), found 429
REQUEST		sample get req	1691879895989	1691879896349	KO	status.find.in([200, 209], 304), found 429
USER	Test GET	END	1691879896349
USER	Test GET	END	1691879896349
REQUEST		sample get req	1691879895991	1691879896357	KO	status.find.in([200, 209], 304), found 429
USER	Test GET	END	1691879896357
REQUEST		sample get req	1691879895990	1691879896363	KO	status.find.in([200, 209], 304), found 429
USER	Test GET	END	1691879896364
REQUEST		sample get req	1691879895992	1691879896371	KO	status.find.in([200, 209], 304), found 429
USER	Test GET	END	1691879896371
REQUEST		sample get req	1691879895991	1691879896385	KO	status.find.in([200, 209], 304), found 429
USER	Test GET	END	1691879896385
