RUN	simulation.YamlSimulation	yamlsimulation	1691900289103	 	3.8.4
USER	Test GET	START	1691900290819
USER	Test GET	START	1691900290821
USER	Test GET	START	1691900290921
USER	Test GET	START	1691900291022
REQUEST		sample get req	1691900290820	1691900291113	KO	status.find.in([200, 209], 304), found 429
REQUEST		sample get req	1691900290744	1691900291112	OK	 
USER	Test GET	END	1691900291122
USER	Test GET	END	1691900291123
USER	Test GET	START	1691900291127
REQUEST		sample get req	1691900290920	1691900291204	KO	status.find.in([200, 209], 304), found 429
USER	Test GET	END	1691900291205
USER	Test GET	START	1691900291228
REQUEST		sample get req	1691900291021	1691900291309	KO	status.find.in([200, 209], 304), found 429
USER	Test GET	END	1691900291310
USER	Test GET	START	1691900291328
REQUEST		sample get req	1691900291127	1691900291411	KO	status.find.in([200, 209], 304), found 429
USER	Test GET	END	1691900291412
USER	Test GET	START	1691900291430
REQUEST		sample get req	1691900291227	1691900291493	KO	status.find.in([200, 209], 304), found 429
USER	Test GET	END	1691900291495
USER	Test GET	START	1691900291530
REQUEST		sample get req	1691900291327	1691900291599	KO	status.find.in([200, 209], 304), found 429
USER	Test GET	END	1691900291602
USER	Test GET	START	1691900291631
REQUEST		sample get req	1691900291428	1691900291663	KO	status.find.in([200, 209], 304), found 429
USER	Test GET	END	1691900291666
USER	Test GET	START	1691900291733
REQUEST		sample get req	1691900291528	1691900291775	KO	status.find.in([200, 209], 304), found 429
USER	Test GET	END	1691900291776
USER	Test GET	START	1691900291831
REQUEST		sample get req	1691900291628	1691900291903	KO	status.find.in([200, 209], 304), found 429
USER	Test GET	END	1691900291904
USER	Test GET	START	1691900291932
REQUEST		sample get req	1691900291729	1691900291994	KO	status.find.in([200, 209], 304), found 429
USER	Test GET	END	1691900291997
USER	Test GET	START	1691900292030
REQUEST		sample get req	1691900291829	1691900292121	KO	status.find.in([200, 209], 304), found 429
USER	Test GET	END	1691900292124
USER	Test GET	START	1691900292130
REQUEST		sample get req	1691900291929	1691900292209	KO	status.find.in([200, 209], 304), found 429
USER	Test GET	END	1691900292211
USER	Test GET	START	1691900292231
REQUEST		sample get req	1691900292029	1691900292313	KO	status.find.in([200, 209], 304), found 429
USER	Test GET	END	1691900292317
USER	Test GET	START	1691900292331
REQUEST		sample get req	1691900292129	1691900292399	KO	status.find.in([200, 209], 304), found 429
USER	Test GET	END	1691900292402
USER	Test GET	START	1691900292432
REQUEST		sample get req	1691900292229	1691900292483	KO	status.find.in([200, 209], 304), found 429
USER	Test GET	END	1691900292483
USER	Test GET	START	1691900292529
USER	Test GET	START	1691900292630
REQUEST		sample get req	1691900292329	1691900292632	KO	status.find.in([200, 209], 304), found 429
USER	Test GET	END	1691900292632
REQUEST		sample get req	1691900292430	1691900292703	KO	status.find.in([200, 209], 304), found 429
USER	Test GET	END	1691900292706
USER	Test GET	START	1691900292730
REQUEST		sample get req	1691900292529	1691900292769	KO	status.find.in([200, 209], 304), found 429
USER	Test GET	END	1691900292774
USER	Test GET	START	1691900292821
REQUEST		sample get req	1691900292630	1691900292912	KO	status.find.in([200, 209], 304), found 429
USER	Test GET	END	1691900292912
USER	Test GET	START	1691900292919
REQUEST		sample get req	1691900292730	1691900292993	KO	status.find.in([200, 209], 304), found 429
USER	Test GET	END	1691900292996
USER	Test GET	START	1691900293020
REQUEST		sample get req	1691900292819	1691900293082	KO	status.find.in([200, 209], 304), found 429
USER	Test GET	END	1691900293085
USER	Test GET	START	1691900293121
REQUEST		sample get req	1691900292918	1691900293161	KO	status.find.in([200, 209], 304), found 429
USER	Test GET	END	1691900293163
USER	Test GET	START	1691900293221
REQUEST		sample get req	1691900293019	1691900293269	KO	status.find.in([200, 209], 304), found 429
USER	Test GET	END	1691900293271
USER	Test GET	START	1691900293321
REQUEST		sample get req	1691900293119	1691900293384	KO	status.find.in([200, 209], 304), found 429
USER	Test GET	END	1691900293387
USER	Test GET	START	1691900293420
REQUEST		sample get req	1691900293220	1691900293497	KO	status.find.in([200, 209], 304), found 429
USER	Test GET	END	1691900293500
USER	Test GET	START	1691900293520
REQUEST		sample get req	1691900293319	1691900293572	KO	status.find.in([200, 209], 304), found 429
USER	Test GET	END	1691900293574
USER	Test GET	START	1691900293621
REQUEST		sample get req	1691900293419	1691900293700	KO	status.find.in([200, 209], 304), found 429
USER	Test GET	END	1691900293703
USER	Test GET	START	1691900293727
REQUEST		sample get req	1691900293519	1691900293794	KO	status.find.in([200, 209], 304), found 429
USER	Test GET	END	1691900293797
USER	Test GET	START	1691900293820
REQUEST		sample get req	1691900293619	1691900293868	KO	status.find.in([200, 209], 304), found 429
USER	Test GET	END	1691900293868
USER	Test GET	START	1691900293920
REQUEST		sample get req	1691900293725	1691900294012	KO	status.find.in([200, 209], 304), found 429
USER	Test GET	END	1691900294015
USER	Test GET	START	1691900294021
REQUEST		sample get req	1691900293819	1691900294070	KO	status.find.in([200, 209], 304), found 429
USER	Test GET	END	1691900294071
USER	Test GET	START	1691900294122
REQUEST		sample get req	1691900293919	1691900294164	KO	status.find.in([200, 209], 304), found 429
USER	Test GET	END	1691900294166
USER	Test GET	START	1691900294222
REQUEST		sample get req	1691900294020	1691900294273	KO	status.find.in([200, 209], 304), found 429
USER	Test GET	END	1691900294276
USER	Test GET	START	1691900294322
REQUEST		sample get req	1691900294121	1691900294376	KO	status.find.in([200, 209], 304), found 429
USER	Test GET	END	1691900294382
USER	Test GET	START	1691900294420
REQUEST		sample get req	1691900294220	1691900294468	KO	status.find.in([200, 209], 304), found 429
USER	Test GET	END	1691900294472
USER	Test GET	START	1691900294521
REQUEST		sample get req	1691900294320	1691900294589	KO	status.find.in([200, 209], 304), found 429
USER	Test GET	END	1691900294590
USER	Test GET	START	1691900294620
REQUEST		sample get req	1691900294419	1691900294680	KO	status.find.in([200, 209], 304), found 429
USER	Test GET	END	1691900294683
USER	Test GET	START	1691900294722
REQUEST		sample get req	1691900294520	1691900294744	KO	status.find.in([200, 209], 304), found 429
USER	Test GET	END	1691900294745
USER	Test GET	START	1691900294821
REQUEST		sample get req	1691900294619	1691900294872	KO	status.find.in([200, 209], 304), found 429
USER	Test GET	END	1691900294875
USER	Test GET	START	1691900294922
REQUEST		sample get req	1691900294721	1691900294990	KO	status.find.in([200, 209], 304), found 429
USER	Test GET	END	1691900294993
USER	Test GET	START	1691900295022
REQUEST		sample get req	1691900294819	1691900295098	KO	status.find.in([200, 209], 304), found 429
USER	Test GET	END	1691900295101
USER	Test GET	START	1691900295121
REQUEST		sample get req	1691900294920	1691900295197	KO	status.find.in([200, 209], 304), found 429
USER	Test GET	END	1691900295197
USER	Test GET	START	1691900295221
REQUEST		sample get req	1691900295021	1691900295290	KO	status.find.in([200, 209], 304), found 429
USER	Test GET	END	1691900295292
USER	Test GET	START	1691900295320
REQUEST		sample get req	1691900295119	1691900295379	KO	status.find.in([200, 209], 304), found 429
USER	Test GET	END	1691900295382
USER	Test GET	START	1691900295420
REQUEST		sample get req	1691900295219	1691900295461	KO	status.find.in([200, 209], 304), found 429
USER	Test GET	END	1691900295463
USER	Test GET	START	1691900295521
REQUEST		sample get req	1691900295319	1691900295606	KO	status.find.in([200, 209], 304), found 429
USER	Test GET	END	1691900295608
USER	Test GET	START	1691900295623
REQUEST		sample get req	1691900295419	1691900295674	KO	status.find.in([200, 209], 304), found 429
USER	Test GET	END	1691900295675
USER	Test GET	START	1691900295722
USER	Test GET	START	1691900295724
USER	Test GET	START	1691900295725
USER	Test GET	START	1691900295726
USER	Test GET	START	1691900295726
USER	Test GET	START	1691900295726
USER	Test GET	START	1691900295726
USER	Test GET	START	1691900295726
USER	Test GET	START	1691900295726
USER	Test GET	START	1691900295726
REQUEST		sample get req	1691900295520	1691900295772	KO	status.find.in([200, 209], 304), found 429
USER	Test GET	END	1691900295775
REQUEST		sample get req	1691900295622	1691900295890	KO	status.find.in([200, 209], 304), found 429
USER	Test GET	END	1691900295891
REQUEST		sample get req	1691900295726	1691900296059	KO	status.find.in([200, 209], 304), found 429
USER	Test GET	END	1691900296062
REQUEST		sample get req	1691900295726	1691900296063	KO	status.find.in([200, 209], 304), found 429
REQUEST		sample get req	1691900295724	1691900296062	KO	status.find.in([200, 209], 304), found 429
REQUEST		sample get req	1691900295725	1691900296063	KO	status.find.in([200, 209], 304), found 429
USER	Test GET	END	1691900296063
USER	Test GET	END	1691900296063
USER	Test GET	END	1691900296063
REQUEST		sample get req	1691900295726	1691900296070	KO	status.find.in([200, 209], 304), found 429
USER	Test GET	END	1691900296071
REQUEST		sample get req	1691900295725	1691900296082	KO	status.find.in([200, 209], 304), found 429
USER	Test GET	END	1691900296082
REQUEST		sample get req	1691900295721	1691900296082	KO	status.find.in([200, 209], 304), found 429
USER	Test GET	END	1691900296083
REQUEST		sample get req	1691900295722	1691900296091	KO	status.find.in([200, 209], 304), found 429
USER	Test GET	END	1691900296092
REQUEST		sample get req	1691900295724	1691900296097	KO	status.find.in([200, 209], 304), found 429
USER	Test GET	END	1691900296099
REQUEST		sample get req	1691900295726	1691900296100	KO	status.find.in([200, 209], 304), found 429
USER	Test GET	END	1691900296101
