RUN	simulation.YamlSimulation	yamlsimulation	1691899801664	 	3.8.4
USER	Test GET	START	1691899803392
USER	Test GET	START	1691899803397
USER	Test GET	START	1691899803498
USER	Test GET	START	1691899803600
USER	Test GET	START	1691899803708
REQUEST		sample get req	1691899803325	1691899803709	OK	 
REQUEST		sample get req	1691899803397	1691899803709	OK	 
USER	Test GET	END	1691899803723
USER	Test GET	END	1691899803723
REQUEST		sample get req	1691899803497	1691899803789	KO	status.find.in([200, 209], 304), found 429
USER	Test GET	END	1691899803793
USER	Test GET	START	1691899803805
REQUEST		sample get req	1691899803598	1691899803851	KO	status.find.in([200, 209], 304), found 429
USER	Test GET	END	1691899803851
USER	Test GET	START	1691899803905
USER	Test GET	START	1691899804005
REQUEST		sample get req	1691899803705	1691899804042	KO	status.find.in([200, 209], 304), found 429
USER	Test GET	END	1691899804042
REQUEST		sample get req	1691899803805	1691899804085	KO	status.find.in([200, 209], 304), found 429
USER	Test GET	END	1691899804088
USER	Test GET	START	1691899804107
REQUEST		sample get req	1691899803905	1691899804199	KO	status.find.in([200, 209], 304), found 429
USER	Test GET	END	1691899804201
USER	Test GET	START	1691899804207
REQUEST		sample get req	1691899804005	1691899804267	KO	status.find.in([200, 209], 304), found 429
USER	Test GET	END	1691899804269
USER	Test GET	START	1691899804310
REQUEST		sample get req	1691899804105	1691899804379	KO	status.find.in([200, 209], 304), found 429
USER	Test GET	END	1691899804381
USER	Test GET	START	1691899804406
USER	Test GET	START	1691899804506
REQUEST		sample get req	1691899804206	1691899804560	KO	status.find.in([200, 209], 304), found 429
USER	Test GET	END	1691899804560
USER	Test GET	START	1691899804607
REQUEST		sample get req	1691899804308	1691899804659	KO	status.find.in([200, 209], 304), found 429
USER	Test GET	END	1691899804660
REQUEST		sample get req	1691899804406	1691899804701	KO	status.find.in([200, 209], 304), found 429
USER	Test GET	END	1691899804702
USER	Test GET	START	1691899804706
USER	Test GET	START	1691899804807
REQUEST		sample get req	1691899804505	1691899804808	KO	status.find.in([200, 209], 304), found 429
USER	Test GET	END	1691899804809
REQUEST		sample get req	1691899804606	1691899804890	KO	status.find.in([200, 209], 304), found 429
USER	Test GET	END	1691899804891
USER	Test GET	START	1691899804907
REQUEST		sample get req	1691899804706	1691899804989	KO	status.find.in([200, 209], 304), found 429
USER	Test GET	END	1691899804990
USER	Test GET	START	1691899805008
REQUEST		sample get req	1691899804806	1691899805110	KO	status.find.in([200, 209], 304), found 429
USER	Test GET	START	1691899805111
USER	Test GET	END	1691899805111
REQUEST		sample get req	1691899804906	1691899805178	KO	status.find.in([200, 209], 304), found 429
USER	Test GET	END	1691899805180
USER	Test GET	START	1691899805210
REQUEST		sample get req	1691899805006	1691899805291	KO	status.find.in([200, 209], 304), found 429
USER	Test GET	END	1691899805293
USER	Test GET	START	1691899805308
USER	Test GET	START	1691899805396
REQUEST		sample get req	1691899805108	1691899805404	KO	status.find.in([200, 209], 304), found 429
USER	Test GET	END	1691899805404
REQUEST		sample get req	1691899805208	1691899805452	KO	status.find.in([200, 209], 304), found 429
USER	Test GET	END	1691899805453
USER	Test GET	START	1691899805496
REQUEST		sample get req	1691899805307	1691899805573	KO	status.find.in([200, 209], 304), found 429
USER	Test GET	END	1691899805574
USER	Test GET	START	1691899805595
REQUEST		sample get req	1691899805395	1691899805662	KO	status.find.in([200, 209], 304), found 429
USER	Test GET	END	1691899805666
USER	Test GET	START	1691899805698
REQUEST		sample get req	1691899805495	1691899805753	KO	status.find.in([200, 209], 304), found 429
USER	Test GET	END	1691899805758
USER	Test GET	START	1691899805800
REQUEST		sample get req	1691899805595	1691899805852	KO	status.find.in([200, 209], 304), found 429
USER	Test GET	END	1691899805854
USER	Test GET	START	1691899805897
REQUEST		sample get req	1691899805697	1691899805945	KO	status.find.in([200, 209], 304), found 429
USER	Test GET	END	1691899805948
USER	Test GET	START	1691899805998
REQUEST		sample get req	1691899805799	1691899806051	KO	status.find.in([200, 209], 304), found 429
USER	Test GET	END	1691899806054
USER	Test GET	START	1691899806098
REQUEST		sample get req	1691899805896	1691899806178	KO	status.find.in([200, 209], 304), found 429
USER	Test GET	END	1691899806181
USER	Test GET	START	1691899806197
REQUEST		sample get req	1691899805996	1691899806286	KO	status.find.in([200, 209], 304), found 429
USER	Test GET	END	1691899806286
USER	Test GET	START	1691899806297
REQUEST		sample get req	1691899806097	1691899806385	KO	status.find.in([200, 209], 304), found 429
USER	Test GET	END	1691899806387
USER	Test GET	START	1691899806397
REQUEST		sample get req	1691899806196	1691899806474	KO	status.find.in([200, 209], 304), found 429
USER	Test GET	END	1691899806476
USER	Test GET	START	1691899806498
REQUEST		sample get req	1691899806296	1691899806587	KO	status.find.in([200, 209], 304), found 429
USER	Test GET	END	1691899806590
USER	Test GET	START	1691899806594
REQUEST		sample get req	1691899806395	1691899806693	KO	status.find.in([200, 209], 304), found 429
USER	Test GET	END	1691899806695
USER	Test GET	START	1691899806698
USER	Test GET	START	1691899806796
REQUEST		sample get req	1691899806495	1691899806808	KO	status.find.in([200, 209], 304), found 429
USER	Test GET	END	1691899806811
REQUEST		sample get req	1691899806594	1691899806860	KO	status.find.in([200, 209], 304), found 429
USER	Test GET	END	1691899806862
USER	Test GET	START	1691899806899
REQUEST		sample get req	1691899806697	1691899806950	KO	status.find.in([200, 209], 304), found 429
USER	Test GET	END	1691899806954
USER	Test GET	START	1691899806996
REQUEST		sample get req	1691899806795	1691899807065	KO	status.find.in([200, 209], 304), found 429
USER	Test GET	END	1691899807068
USER	Test GET	START	1691899807098
REQUEST		sample get req	1691899806896	1691899807196	KO	status.find.in([200, 209], 304), found 429
USER	Test GET	START	1691899807199
USER	Test GET	END	1691899807199
REQUEST		sample get req	1691899806995	1691899807282	KO	status.find.in([200, 209], 304), found 429
USER	Test GET	END	1691899807284
USER	Test GET	START	1691899807298
REQUEST		sample get req	1691899807095	1691899807350	KO	status.find.in([200, 209], 304), found 429
USER	Test GET	END	1691899807354
USER	Test GET	START	1691899807395
REQUEST		sample get req	1691899807197	1691899807485	KO	status.find.in([200, 209], 304), found 429
USER	Test GET	END	1691899807487
USER	Test GET	START	1691899807495
REQUEST		sample get req	1691899807296	1691899807569	KO	status.find.in([200, 209], 304), found 429
USER	Test GET	END	1691899807572
USER	Test GET	START	1691899807596
REQUEST		sample get req	1691899807394	1691899807662	KO	status.find.in([200, 209], 304), found 429
USER	Test GET	END	1691899807664
USER	Test GET	START	1691899807697
REQUEST		sample get req	1691899807494	1691899807763	KO	status.find.in([200, 209], 304), found 429
USER	Test GET	END	1691899807765
USER	Test GET	START	1691899807797
REQUEST		sample get req	1691899807595	1691899807858	KO	status.find.in([200, 209], 304), found 429
USER	Test GET	END	1691899807860
USER	Test GET	START	1691899807898
REQUEST		sample get req	1691899807696	1691899807971	KO	status.find.in([200, 209], 304), found 429
USER	Test GET	END	1691899807973
USER	Test GET	START	1691899807996
REQUEST		sample get req	1691899807795	1691899808075	KO	status.find.in([200, 209], 304), found 429
USER	Test GET	END	1691899808077
USER	Test GET	START	1691899808097
REQUEST		sample get req	1691899807895	1691899808163	KO	status.find.in([200, 209], 304), found 429
USER	Test GET	END	1691899808166
USER	Test GET	START	1691899808198
REQUEST		sample get req	1691899807995	1691899808287	KO	status.find.in([200, 209], 304), found 429
USER	Test GET	END	1691899808289
USER	Test GET	START	1691899808297
USER	Test GET	START	1691899808300
USER	Test GET	START	1691899808300
USER	Test GET	START	1691899808300
USER	Test GET	START	1691899808300
USER	Test GET	START	1691899808300
USER	Test GET	START	1691899808300
USER	Test GET	START	1691899808301
USER	Test GET	START	1691899808301
USER	Test GET	START	1691899808301
REQUEST		sample get req	1691899808096	1691899808373	KO	status.find.in([200, 209], 304), found 429
USER	Test GET	END	1691899808374
REQUEST		sample get req	1691899808197	1691899808483	KO	status.find.in([200, 209], 304), found 429
USER	Test GET	END	1691899808484
REQUEST		sample get req	1691899808300	1691899808663	KO	status.find.in([200, 209], 304), found 429
REQUEST		sample get req	1691899808296	1691899808663	KO	status.find.in([200, 209], 304), found 429
USER	Test GET	END	1691899808663
USER	Test GET	END	1691899808664
REQUEST		sample get req	1691899808300	1691899808664	KO	status.find.in([200, 209], 304), found 429
USER	Test GET	END	1691899808664
REQUEST		sample get req	1691899808300	1691899808666	KO	status.find.in([200, 209], 304), found 429
USER	Test GET	END	1691899808666
REQUEST		sample get req	1691899808300	1691899808668	KO	status.find.in([200, 209], 304), found 429
USER	Test GET	END	1691899808668
REQUEST		sample get req	1691899808300	1691899808674	KO	status.find.in([200, 209], 304), found 429
USER	Test GET	END	1691899808675
REQUEST		sample get req	1691899808300	1691899808676	KO	status.find.in([200, 209], 304), found 429
USER	Test GET	END	1691899808676
REQUEST		sample get req	1691899808300	1691899808686	KO	status.find.in([200, 209], 304), found 429
USER	Test GET	END	1691899808687
REQUEST		sample get req	1691899808296	1691899808687	KO	status.find.in([200, 209], 304), found 429
USER	Test GET	END	1691899808687
REQUEST		sample get req	1691899808300	1691899808695	KO	status.find.in([200, 209], 304), found 429
USER	Test GET	END	1691899808697
